c:\rd2\drizzle\drizzle2dvulkan\x64\debug\vc143.pdb
c:\rd2\drizzle\drizzle2dvulkan\x64\debug\vc143.idb
c:\rd2\drizzle\drizzle2dvulkan\x64\debug\main.obj
c:\rd2\drizzle\drizzle2dvulkan\x64\debug\window.obj
c:\rd2\drizzle\drizzle2dvulkan\x64\debug\renderer.obj
c:\rd2\drizzle\drizzle2dvulkan\x64\debug\swapchain.obj
c:\rd2\drizzle\drizzle2dvulkan\x64\debug\surface.obj
c:\rd2\drizzle\drizzle2dvulkan\x64\debug\physical device.obj
c:\rd2\drizzle\drizzle2dvulkan\x64\debug\logical device.obj
c:\rd2\drizzle\drizzle2dvulkan\x64\debug\image views.obj
c:\rd2\drizzle\drizzle2dvulkan\x64\debug\graphicspipeline.obj
c:\rd2\drizzle\drizzle2dvulkan\x64\debug\device.obj
c:\rd2\drizzle\drizzle2dvulkan\x64\debug\debug.obj
c:\rd2\drizzle\drizzle2dvulkan\x64\debug\shader.obj
c:\rd2\drizzle\drizzle2dvulkan\x64\debug\framebuffer.obj
c:\rd2\drizzle\drizzle2dvulkan\x64\debug\commandbuffer.obj
c:\rd2\drizzle\drizzle2dvulkan\x64\debug\frames.obj
c:\rd2\drizzle\x64\debug\drizzle2dvulkan.exe
c:\rd2\drizzle\drizzle2dvulkan\x64\debug\drizzle2dvulkan.ilk
c:\rd2\drizzle\x64\debug\drizzle2dvulkan.pdb
c:\rd2\drizzle\drizzle2dvulkan\x64\debug\drizzle2dvulkan.tlog\cl.command.1.tlog
c:\rd2\drizzle\drizzle2dvulkan\x64\debug\drizzle2dvulkan.tlog\cl.read.1.tlog
c:\rd2\drizzle\drizzle2dvulkan\x64\debug\drizzle2dvulkan.tlog\cl.write.1.tlog
c:\rd2\drizzle\drizzle2dvulkan\x64\debug\drizzle2dvulkan.tlog\link.command.1.tlog
c:\rd2\drizzle\drizzle2dvulkan\x64\debug\drizzle2dvulkan.tlog\link.read.1.tlog
c:\rd2\drizzle\drizzle2dvulkan\x64\debug\drizzle2dvulkan.tlog\link.write.1.tlog
